UnitTesting.TestSolution.test_given_double_list_numbers_only_expected_empty: FAILURE  0.19140 ms 
UnitTesting.TestSolution.test_given_empty_list_expected_empty: SUCCESS  0.02440 ms 
UnitTesting.TestSolution.test_given_int_list_expected_one_item: SUCCESS  0.02240 ms 
UnitTesting.TestSolution.test_given_int_list_expected_three_items: SUCCESS  0.02200 ms 
UnitTesting.TestSolution.test_given_int_list_expected_two_items: SUCCESS  0.02060 ms 
UnitTesting.TestSolution.test_given_int_list_negative_numbers_only_expected_empty: SUCCESS  0.03480 ms 
UnitTesting.TestSolution.test_given_int_list_positive_numbers_only_expected_empty: SUCCESS  0.02330 ms 
UnitTesting.TestSolution.test_given_list_of_double_sum_equal_zero_expected_empty: FAILURE  0.15960 ms 
UnitTesting.TestSolution.test_given_list_of_int_and_double_only_expected_empty: FAILURE  0.33160 ms 
UnitTesting.TestSolution.test_given_list_of_int_in_range_negative_1_to_1_expected_same_as_input: SUCCESS  0.02620 ms 
UnitTesting.TestSolution.test_given_list_of_ints_range_negative_five_to_positive_5_expected_valid_output: SUCCESS  0.03660 ms 
UnitTesting.TestSolution.test_given_list_of_one_char_expected_empty: SUCCESS  0.01660 ms 
UnitTesting.TestSolution.test_given_list_of_one_char_two_int_expected_empty: FAILURE  0.01660 ms 
UnitTesting.TestSolution.test_given_list_of_one_double_expected_empty: SUCCESS  0.02060 ms 
UnitTesting.TestSolution.test_given_list_of_one_int_expected_empty: SUCCESS  0.01660 ms 
UnitTesting.TestSolution.test_given_list_of_three_zeros_expected_three_zeros: SUCCESS  0.01720 ms 
UnitTesting.TestSolution.test_given_list_of_two_chars_expected_empty: SUCCESS  0.02170 ms 
UnitTesting.TestSolution.test_given_list_of_two_ints_sum_zero_expected_empty: SUCCESS  0.01890 ms 
UnitTesting.TestSolution.test_given_list_of_two_negative_doubles_expected_empty: SUCCESS  0.02600 ms 
UnitTesting.TestSolution.test_given_list_of_two_negative_int_expected_empty: SUCCESS  0.02100 ms 
UnitTesting.TestSolution.test_given_list_of_two_positive_doubles_expected_empty: SUCCESS  0.01900 ms 
UnitTesting.TestSolution.test_given_list_of_two_positive_int_expected_empty: SUCCESS  0.01740 ms 
UnitTesting.TestSolution.test_given_list_of_two_zeros_expected_empty: SUCCESS  0.01680 ms 
UnitTesting.TestSolution.test_given_list_repeated_double_negative_and_positive_one_point_one_expected_empty: SUCCESS  0.02370 ms 
UnitTesting.TestSolution.test_given_list_repeated_int_negative_and_positive_ones_expected_empty: SUCCESS  0.01920 ms 
